frameworks/runtime-src/proj.android/app/build/outputs/logs/manifest-merger-debug-report.txt
-- Merging decision tree log ---
manifest
ADDED from src\main\AndroidManifest.xml:2:1-40:12
	package
		ADDED from src\main\AndroidManifest.xml:3:7-35
		INJECTED from src\main\AndroidManifest.xml
		INJECTED from src\main\AndroidManifest.xml
	android:versionName
		ADDED from src\main\AndroidManifest.xml:5:7-32
		INJECTED from src\main\AndroidManifest.xml
		INJECTED from src\main\AndroidManifest.xml
	android:versionCode
		ADDED from src\main\AndroidManifest.xml:4:7-30
		INJECTED from src\main\AndroidManifest.xml
		INJECTED from src\main\AndroidManifest.xml
	xmlns:android
		ADDED from src\main\AndroidManifest.xml:2:11-69
	android:installLocation
		ADDED from src\main\AndroidManifest.xml:6:7-37
uses-sdk
ADDED from src\main\AndroidManifest.xml:8:5-43
MERGED from [proj.android:libcocos2dx:unspecified] AndroidManifest.xml:7:5-9:41
MERGED from [com.android.support:support-v4:23.2.0] AndroidManifest.xml:20:5-43
	android:targetSdkVersion
		INJECTED from src\main\AndroidManifest.xml
		INJECTED from src\main\AndroidManifest.xml
	android:minSdkVersion
		ADDED from src\main\AndroidManifest.xml:8:15-41
		INJECTED from src\main\AndroidManifest.xml
		INJECTED from src\main\AndroidManifest.xml
uses-feature#0x00020000
ADDED from src\main\AndroidManifest.xml:9:5-54
	android:glEsVersion
		ADDED from src\main\AndroidManifest.xml:9:19-51
application
ADDED from src\main\AndroidManifest.xml:11:5-24:19
MERGED from [com.android.support:support-v4:23.2.0] AndroidManifest.xml:22:5-20
	android:label
		ADDED from src\main\AndroidManifest.xml:11:18-50
	android:icon
		ADDED from src\main\AndroidManifest.xml:12:18-47
activity#org.cocos2dx.lua.AppActivity
ADDED from src\main\AndroidManifest.xml:14:9-23:20
	android:screenOrientation
		ADDED from src\main\AndroidManifest.xml:16:19-62
	android:label
		ADDED from src\main\AndroidManifest.xml:15:19-51
	android:configChanges
		ADDED from src\main\AndroidManifest.xml:18:19-54
	android:theme
		ADDED from src\main\AndroidManifest.xml:17:19-77
	android:name
		ADDED from src\main\AndroidManifest.xml:14:19-62
intent-filter#android.intent.action.MAIN+android.intent.category.LAUNCHER
ADDED from src\main\AndroidManifest.xml:19:13-22:29
action#android.intent.action.MAIN
ADDED from src\main\AndroidManifest.xml:20:17-69
	android:name
		ADDED from src\main\AndroidManifest.xml:20:25-66
category#android.intent.category.LAUNCHER
ADDED from src\main\AndroidManifest.xml:21:17-77
	android:name
		ADDED from src\main\AndroidManifest.xml:21:27-74
supports-screens
ADDED from src\main\AndroidManifest.xml:26:5-30:53
	android:largeScreens
		ADDED from src\main\AndroidManifest.xml:29:23-50
	android:smallScreens
		ADDED from src\main\AndroidManifest.xml:27:23-50
	android:normalScreens
		ADDED from src\main\AndroidManifest.xml:28:23-51
	android:xlargeScreens
		ADDED from src\main\AndroidManifest.xml:30:23-51
	android:anyDensity
		ADDED from src\main\AndroidManifest.xml:26:23-48
uses-permission#android.permission.INTERNET
ADDED from src\main\AndroidManifest.xml:31:5-66
	android:name
		ADDED from src\main\AndroidManifest.xml:31:22-64
uses-permission#android.permission.CHANGE_NETWORK_STATE
ADDED from src\main\AndroidManifest.xml:32:5-78
	android:name
		ADDED from src\main\AndroidManifest.xml:32:22-76
uses-permission#android.permission.CHANGE_WIFI_STATE
ADDED from src\main\AndroidManifest.xml:33:5-75
	android:name
		ADDED from src\main\AndroidManifest.xml:33:22-73
uses-permission#android.permission.ACCESS_NETWORK_STATE
ADDED from src\main\AndroidManifest.xml:34:5-78
	android:name
		ADDED from src\main\AndroidManifest.xml:34:22-76
uses-permission#android.permission.ACCESS_WIFI_STATE
ADDED from src\main\AndroidManifest.xml:35:5-75
	android:name
		ADDED from src\main\AndroidManifest.xml:35:22-73
uses-permission#android.permission.MOUNT_UNMOUNT_FILESYSTEMS
ADDED from src\main\AndroidManifest.xml:37:4-82
	android:name
		ADDED from src\main\AndroidManifest.xml:37:21-80
uses-permission#android.permission.WRITE_EXTERNAL_STORAGE
ADDED from src\main\AndroidManifest.xml:38:3-78
	android:name
		ADDED from src\main\AndroidManifest.xml:38:20-76
uses-permission#android.permission.READ_PHONE_STATE
ADDED from src\main\AndroidManifest.xml:39:3-72
	android:name
		ADDED from src\main\AndroidManifest.xml:39:20-70